  [1m[35m (6.7ms)[0m  [1m[35mCREATE TABLE "schema_migrations" ("version" varchar NOT NULL PRIMARY KEY)[0m
  [1m[35m (3.6ms)[0m  [1m[35mCREATE TABLE "ar_internal_metadata" ("key" varchar NOT NULL PRIMARY KEY, "value" varchar, "created_at" datetime(6) NOT NULL, "updated_at" datetime(6) NOT NULL)[0m
  [1m[36mActiveRecord::SchemaMigration Pluck (0.1ms)[0m  [1m[34mSELECT "schema_migrations"."version" FROM "schema_migrations" ORDER BY "schema_migrations"."version" ASC[0m
Migrating to CreateUsers (20230123151224)
  [1m[36mTRANSACTION (0.0ms)[0m  [1m[36mbegin transaction[0m
  [1m[35m (0.2ms)[0m  [1m[35mCREATE TABLE "users" ("id" integer PRIMARY KEY AUTOINCREMENT NOT NULL, "username" varchar, "first_name" varchar, "last_name" varchar, "created_at" datetime(6) NOT NULL, "updated_at" datetime(6) NOT NULL)[0m
  [1m[36mActiveRecord::SchemaMigration Create (0.2ms)[0m  [1m[32mINSERT INTO "schema_migrations" ("version") VALUES (?)[0m  [["version", "20230123151224"]]
  [1m[36mTRANSACTION (5.0ms)[0m  [1m[36mcommit transaction[0m
Migrating to CreateHosts (20230123151504)
  [1m[36mTRANSACTION (0.1ms)[0m  [1m[36mbegin transaction[0m
  [1m[35m (0.3ms)[0m  [1m[35mCREATE TABLE "hosts" ("id" integer PRIMARY KEY AUTOINCREMENT NOT NULL, "username" varchar, "email" varchar, "password" varchar, "created_at" datetime(6) NOT NULL, "updated_at" datetime(6) NOT NULL)[0m
  [1m[36mActiveRecord::SchemaMigration Create (0.1ms)[0m  [1m[32mINSERT INTO "schema_migrations" ("version") VALUES (?)[0m  [["version", "20230123151504"]]
  [1m[36mTRANSACTION (5.0ms)[0m  [1m[36mcommit transaction[0m
Migrating to CreateEvents (20230123151715)
  [1m[36mTRANSACTION (0.1ms)[0m  [1m[36mbegin transaction[0m
  [1m[35m (0.3ms)[0m  [1m[35mCREATE TABLE "events" ("id" integer PRIMARY KEY AUTOINCREMENT NOT NULL, "title" varchar, "date" integer, "about" varchar, "location" varchar, "going" integer DEFAULT 1, "host_id" integer, "user_id" integer, "created_at" datetime(6) NOT NULL, "updated_at" datetime(6) NOT NULL)[0m
  [1m[36mActiveRecord::SchemaMigration Create (0.9ms)[0m  [1m[32mINSERT INTO "schema_migrations" ("version") VALUES (?)[0m  [["version", "20230123151715"]]
  [1m[36mTRANSACTION (4.1ms)[0m  [1m[36mcommit transaction[0m
  [1m[36mActiveRecord::InternalMetadata Load (0.2ms)[0m  [1m[34mSELECT "ar_internal_metadata".* FROM "ar_internal_metadata" WHERE "ar_internal_metadata"."key" = ? LIMIT ?[0m  [["key", "environment"], ["LIMIT", 1]]
  [1m[36mTRANSACTION (0.1ms)[0m  [1m[36mbegin transaction[0m
  [1m[36mActiveRecord::InternalMetadata Create (0.2ms)[0m  [1m[32mINSERT INTO "ar_internal_metadata" ("key", "value", "created_at", "updated_at") VALUES (?, ?, ?, ?)[0m  [["key", "environment"], ["value", "development"], ["created_at", "2023-01-23 15:21:30.432732"], ["updated_at", "2023-01-23 15:21:30.432732"]]
  [1m[36mTRANSACTION (3.3ms)[0m  [1m[36mcommit transaction[0m
  [1m[36mActiveRecord::SchemaMigration Pluck (0.0ms)[0m  [1m[34mSELECT "schema_migrations"."version" FROM "schema_migrations" ORDER BY "schema_migrations"."version" ASC[0m
  [1m[36mActiveRecord::SchemaMigration Pluck (0.1ms)[0m  [1m[34mSELECT "schema_migrations"."version" FROM "schema_migrations" ORDER BY "schema_migrations"."version" ASC[0m
  [1m[36mActiveRecord::SchemaMigration Pluck (0.1ms)[0m  [1m[34mSELECT "schema_migrations"."version" FROM "schema_migrations" ORDER BY "schema_migrations"."version" ASC[0m
  [1m[36mActiveRecord::InternalMetadata Pluck (0.1ms)[0m  [1m[34mSELECT "ar_internal_metadata"."value" FROM "ar_internal_metadata" WHERE "ar_internal_metadata"."key" = ? LIMIT ?[0m  [["key", "environment"], ["LIMIT", 1]]
  [1m[36mActiveRecord::SchemaMigration Pluck (0.0ms)[0m  [1m[34mSELECT "schema_migrations"."version" FROM "schema_migrations" ORDER BY "schema_migrations"."version" ASC[0m
  [1m[36mActiveRecord::InternalMetadata Pluck (0.0ms)[0m  [1m[34mSELECT "ar_internal_metadata"."value" FROM "ar_internal_metadata" WHERE "ar_internal_metadata"."key" = ? LIMIT ?[0m  [["key", "environment"], ["LIMIT", 1]]
  [1m[36mActiveRecord::SchemaMigration Pluck (0.0ms)[0m  [1m[34mSELECT "schema_migrations"."version" FROM "schema_migrations" ORDER BY "schema_migrations"."version" ASC[0m
  [1m[36mActiveRecord::InternalMetadata Pluck (0.0ms)[0m  [1m[34mSELECT "ar_internal_metadata"."value" FROM "ar_internal_metadata" WHERE "ar_internal_metadata"."key" = ? LIMIT ?[0m  [["key", "environment"], ["LIMIT", 1]]
  [1m[35m (0.0ms)[0m  [1m[35mDROP TABLE IF EXISTS "events"[0m
  [1m[35m (5.0ms)[0m  [1m[35mCREATE TABLE "events" ("id" integer PRIMARY KEY AUTOINCREMENT NOT NULL, "title" varchar, "date" integer, "about" varchar, "location" varchar, "going" integer DEFAULT 1, "host_id" integer, "user_id" integer, "created_at" datetime(6) NOT NULL, "updated_at" datetime(6) NOT NULL)[0m
  [1m[35m (0.1ms)[0m  [1m[35mDROP TABLE IF EXISTS "hosts"[0m
  [1m[35m (4.6ms)[0m  [1m[35mCREATE TABLE "hosts" ("id" integer PRIMARY KEY AUTOINCREMENT NOT NULL, "username" varchar, "email" varchar, "password" varchar, "created_at" datetime(6) NOT NULL, "updated_at" datetime(6) NOT NULL)[0m
  [1m[35m (0.1ms)[0m  [1m[35mDROP TABLE IF EXISTS "users"[0m
  [1m[35m (3.6ms)[0m  [1m[35mCREATE TABLE "users" ("id" integer PRIMARY KEY AUTOINCREMENT NOT NULL, "username" varchar, "first_name" varchar, "last_name" varchar, "created_at" datetime(6) NOT NULL, "updated_at" datetime(6) NOT NULL)[0m
  [1m[35m (3.5ms)[0m  [1m[35mCREATE TABLE "schema_migrations" ("version" varchar NOT NULL PRIMARY KEY)[0m
  [1m[36mActiveRecord::SchemaMigration Pluck (0.1ms)[0m  [1m[34mSELECT "schema_migrations"."version" FROM "schema_migrations" ORDER BY "schema_migrations"."version" ASC[0m
  [1m[35m (2.7ms)[0m  [1m[32mINSERT INTO "schema_migrations" (version) VALUES (20230123151715)[0m
  [1m[35m (3.7ms)[0m  [1m[32mINSERT INTO "schema_migrations" (version) VALUES
(20230123151224),
(20230123151504);

[0m
  [1m[35m (3.8ms)[0m  [1m[35mCREATE TABLE "ar_internal_metadata" ("key" varchar NOT NULL PRIMARY KEY, "value" varchar, "created_at" datetime(6) NOT NULL, "updated_at" datetime(6) NOT NULL)[0m
  [1m[36mActiveRecord::InternalMetadata Load (0.1ms)[0m  [1m[34mSELECT "ar_internal_metadata".* FROM "ar_internal_metadata" WHERE "ar_internal_metadata"."key" = ? LIMIT ?[0m  [["key", "environment"], ["LIMIT", 1]]
  [1m[36mTRANSACTION (0.0ms)[0m  [1m[36mbegin transaction[0m
  [1m[36mActiveRecord::InternalMetadata Create (0.2ms)[0m  [1m[32mINSERT INTO "ar_internal_metadata" ("key", "value", "created_at", "updated_at") VALUES (?, ?, ?, ?)[0m  [["key", "environment"], ["value", "development"], ["created_at", "2023-01-23 15:30:01.398772"], ["updated_at", "2023-01-23 15:30:01.398772"]]
  [1m[36mTRANSACTION (4.9ms)[0m  [1m[36mcommit transaction[0m
  [1m[36mActiveRecord::InternalMetadata Load (0.0ms)[0m  [1m[34mSELECT "ar_internal_metadata".* FROM "ar_internal_metadata" WHERE "ar_internal_metadata"."key" = ? LIMIT ?[0m  [["key", "environment"], ["LIMIT", 1]]
  [1m[36mActiveRecord::InternalMetadata Load (0.0ms)[0m  [1m[34mSELECT "ar_internal_metadata".* FROM "ar_internal_metadata" WHERE "ar_internal_metadata"."key" = ? LIMIT ?[0m  [["key", "schema_sha1"], ["LIMIT", 1]]
  [1m[36mTRANSACTION (0.0ms)[0m  [1m[36mbegin transaction[0m
  [1m[36mActiveRecord::InternalMetadata Create (0.1ms)[0m  [1m[32mINSERT INTO "ar_internal_metadata" ("key", "value", "created_at", "updated_at") VALUES (?, ?, ?, ?)[0m  [["key", "schema_sha1"], ["value", "bc361eb9e6826d93477810c5230fd20d37124749"], ["created_at", "2023-01-23 15:30:01.408674"], ["updated_at", "2023-01-23 15:30:01.408674"]]
  [1m[36mTRANSACTION (3.8ms)[0m  [1m[36mcommit transaction[0m
  [1m[35m (0.0ms)[0m  [1m[35mDROP TABLE IF EXISTS "events"[0m
  [1m[35m (5.4ms)[0m  [1m[35mCREATE TABLE "events" ("id" integer PRIMARY KEY AUTOINCREMENT NOT NULL, "title" varchar, "date" integer, "about" varchar, "location" varchar, "going" integer DEFAULT 1, "host_id" integer, "user_id" integer, "created_at" datetime(6) NOT NULL, "updated_at" datetime(6) NOT NULL)[0m
  [1m[35m (0.1ms)[0m  [1m[35mDROP TABLE IF EXISTS "hosts"[0m
  [1m[35m (3.3ms)[0m  [1m[35mCREATE TABLE "hosts" ("id" integer PRIMARY KEY AUTOINCREMENT NOT NULL, "username" varchar, "email" varchar, "password" varchar, "created_at" datetime(6) NOT NULL, "updated_at" datetime(6) NOT NULL)[0m
  [1m[35m (0.1ms)[0m  [1m[35mDROP TABLE IF EXISTS "users"[0m
  [1m[35m (3.5ms)[0m  [1m[35mCREATE TABLE "users" ("id" integer PRIMARY KEY AUTOINCREMENT NOT NULL, "username" varchar, "first_name" varchar, "last_name" varchar, "created_at" datetime(6) NOT NULL, "updated_at" datetime(6) NOT NULL)[0m
  [1m[35m (3.5ms)[0m  [1m[35mCREATE TABLE "schema_migrations" ("version" varchar NOT NULL PRIMARY KEY)[0m
  [1m[36mActiveRecord::SchemaMigration Pluck (0.0ms)[0m  [1m[34mSELECT "schema_migrations"."version" FROM "schema_migrations" ORDER BY "schema_migrations"."version" ASC[0m
  [1m[35m (3.1ms)[0m  [1m[32mINSERT INTO "schema_migrations" (version) VALUES (20230123151715)[0m
  [1m[35m (3.0ms)[0m  [1m[32mINSERT INTO "schema_migrations" (version) VALUES
(20230123151224),
(20230123151504);

[0m
  [1m[35m (3.1ms)[0m  [1m[35mCREATE TABLE "ar_internal_metadata" ("key" varchar NOT NULL PRIMARY KEY, "value" varchar, "created_at" datetime(6) NOT NULL, "updated_at" datetime(6) NOT NULL)[0m
  [1m[36mActiveRecord::InternalMetadata Load (0.1ms)[0m  [1m[34mSELECT "ar_internal_metadata".* FROM "ar_internal_metadata" WHERE "ar_internal_metadata"."key" = ? LIMIT ?[0m  [["key", "environment"], ["LIMIT", 1]]
  [1m[36mTRANSACTION (0.0ms)[0m  [1m[36mbegin transaction[0m
  [1m[36mActiveRecord::InternalMetadata Create (0.1ms)[0m  [1m[32mINSERT INTO "ar_internal_metadata" ("key", "value", "created_at", "updated_at") VALUES (?, ?, ?, ?)[0m  [["key", "environment"], ["value", "development"], ["created_at", "2023-01-23 15:30:01.446989"], ["updated_at", "2023-01-23 15:30:01.446989"]]
  [1m[36mTRANSACTION (2.4ms)[0m  [1m[36mcommit transaction[0m
  [1m[36mActiveRecord::InternalMetadata Load (0.0ms)[0m  [1m[34mSELECT "ar_internal_metadata".* FROM "ar_internal_metadata" WHERE "ar_internal_metadata"."key" = ? LIMIT ?[0m  [["key", "environment"], ["LIMIT", 1]]
  [1m[36mTRANSACTION (0.0ms)[0m  [1m[36mbegin transaction[0m
  [1m[36mActiveRecord::InternalMetadata Update (0.1ms)[0m  [1m[33mUPDATE "ar_internal_metadata" SET "value" = ?, "updated_at" = ? WHERE "ar_internal_metadata"."key" = ?[0m  [["value", "test"], ["updated_at", "2023-01-23 15:30:01.451971"], ["key", "environment"]]
  [1m[36mTRANSACTION (2.5ms)[0m  [1m[36mcommit transaction[0m
  [1m[36mActiveRecord::InternalMetadata Load (0.0ms)[0m  [1m[34mSELECT "ar_internal_metadata".* FROM "ar_internal_metadata" WHERE "ar_internal_metadata"."key" = ? LIMIT ?[0m  [["key", "schema_sha1"], ["LIMIT", 1]]
  [1m[36mTRANSACTION (0.0ms)[0m  [1m[36mbegin transaction[0m
  [1m[36mActiveRecord::InternalMetadata Create (0.1ms)[0m  [1m[32mINSERT INTO "ar_internal_metadata" ("key", "value", "created_at", "updated_at") VALUES (?, ?, ?, ?)[0m  [["key", "schema_sha1"], ["value", "bc361eb9e6826d93477810c5230fd20d37124749"], ["created_at", "2023-01-23 15:30:01.456899"], ["updated_at", "2023-01-23 15:30:01.456899"]]
  [1m[36mTRANSACTION (3.5ms)[0m  [1m[36mcommit transaction[0m
  [1m[36mActiveRecord::SchemaMigration Pluck (0.0ms)[0m  [1m[34mSELECT "schema_migrations"."version" FROM "schema_migrations" ORDER BY "schema_migrations"."version" ASC[0m
  [1m[35m (3.7ms)[0m  [1m[35mCREATE TABLE "schema_migrations" ("version" varchar NOT NULL PRIMARY KEY)[0m
  [1m[35m (3.1ms)[0m  [1m[35mCREATE TABLE "ar_internal_metadata" ("key" varchar NOT NULL PRIMARY KEY, "value" varchar, "created_at" datetime(6) NOT NULL, "updated_at" datetime(6) NOT NULL)[0m
  [1m[36mActiveRecord::SchemaMigration Pluck (0.1ms)[0m  [1m[34mSELECT "schema_migrations"."version" FROM "schema_migrations" ORDER BY "schema_migrations"."version" ASC[0m
Migrating to CreateUsers (20230123151224)
  [1m[36mTRANSACTION (0.0ms)[0m  [1m[36mbegin transaction[0m
  [1m[35m (0.2ms)[0m  [1m[35mCREATE TABLE "users" ("id" integer PRIMARY KEY AUTOINCREMENT NOT NULL, "username" varchar, "first_name" varchar, "last_name" varchar, "created_at" datetime(6) NOT NULL, "updated_at" datetime(6) NOT NULL)[0m
  [1m[36mActiveRecord::SchemaMigration Create (0.3ms)[0m  [1m[32mINSERT INTO "schema_migrations" ("version") VALUES (?)[0m  [["version", "20230123151224"]]
  [1m[36mTRANSACTION (4.9ms)[0m  [1m[36mcommit transaction[0m
Migrating to CreateHosts (20230123151504)
  [1m[36mTRANSACTION (0.1ms)[0m  [1m[36mbegin transaction[0m
  [1m[35m (0.3ms)[0m  [1m[35mCREATE TABLE "hosts" ("id" integer PRIMARY KEY AUTOINCREMENT NOT NULL, "username" varchar, "email" varchar, "password" integer, "created_at" datetime(6) NOT NULL, "updated_at" datetime(6) NOT NULL)[0m
  [1m[36mActiveRecord::SchemaMigration Create (0.4ms)[0m  [1m[32mINSERT INTO "schema_migrations" ("version") VALUES (?)[0m  [["version", "20230123151504"]]
  [1m[36mTRANSACTION (4.6ms)[0m  [1m[36mcommit transaction[0m
Migrating to CreateEvents (20230123151715)
  [1m[36mTRANSACTION (0.1ms)[0m  [1m[36mbegin transaction[0m
  [1m[35m (0.5ms)[0m  [1m[35mCREATE TABLE "events" ("id" integer PRIMARY KEY AUTOINCREMENT NOT NULL, "title" varchar, "date" integer, "about" varchar, "location" varchar, "going" integer DEFAULT 1, "host_id" integer, "user_id" integer, "created_at" datetime(6) NOT NULL, "updated_at" datetime(6) NOT NULL)[0m
  [1m[36mActiveRecord::SchemaMigration Create (0.2ms)[0m  [1m[32mINSERT INTO "schema_migrations" ("version") VALUES (?)[0m  [["version", "20230123151715"]]
  [1m[36mTRANSACTION (4.6ms)[0m  [1m[36mcommit transaction[0m
  [1m[36mActiveRecord::InternalMetadata Load (0.1ms)[0m  [1m[34mSELECT "ar_internal_metadata".* FROM "ar_internal_metadata" WHERE "ar_internal_metadata"."key" = ? LIMIT ?[0m  [["key", "environment"], ["LIMIT", 1]]
  [1m[36mTRANSACTION (0.1ms)[0m  [1m[36mbegin transaction[0m
  [1m[36mActiveRecord::InternalMetadata Create (0.2ms)[0m  [1m[32mINSERT INTO "ar_internal_metadata" ("key", "value", "created_at", "updated_at") VALUES (?, ?, ?, ?)[0m  [["key", "environment"], ["value", "development"], ["created_at", "2023-01-23 15:30:35.890336"], ["updated_at", "2023-01-23 15:30:35.890336"]]
  [1m[36mTRANSACTION (2.8ms)[0m  [1m[36mcommit transaction[0m
  [1m[36mActiveRecord::SchemaMigration Pluck (0.1ms)[0m  [1m[34mSELECT "schema_migrations"."version" FROM "schema_migrations" ORDER BY "schema_migrations"."version" ASC[0m
  [1m[36mActiveRecord::SchemaMigration Pluck (0.1ms)[0m  [1m[34mSELECT "schema_migrations"."version" FROM "schema_migrations" ORDER BY "schema_migrations"."version" ASC[0m
  [1m[36mActiveRecord::SchemaMigration Pluck (0.1ms)[0m  [1m[34mSELECT "schema_migrations"."version" FROM "schema_migrations" ORDER BY "schema_migrations"."version" ASC[0m
  [1m[36mTRANSACTION (0.0ms)[0m  [1m[36mbegin transaction[0m
  [1m[36mHost Create (0.2ms)[0m  [1m[32mINSERT INTO "hosts" ("username", "email", "password", "created_at", "updated_at") VALUES (?, ?, ?, ?, ?)[0m  [["username", "hostOne"], ["email", "host1@email.com"], ["password", "[FILTERED]"], ["created_at", "2023-01-23 15:32:14.541948"], ["updated_at", "2023-01-23 15:32:14.541948"]]
  [1m[36mTRANSACTION (4.1ms)[0m  [1m[36mcommit transaction[0m
  [1m[36mActiveRecord::SchemaMigration Pluck (0.1ms)[0m  [1m[34mSELECT "schema_migrations"."version" FROM "schema_migrations" ORDER BY "schema_migrations"."version" ASC[0m
  [1m[36mTRANSACTION (0.0ms)[0m  [1m[36mbegin transaction[0m
  [1m[36mHost Create (0.1ms)[0m  [1m[32mINSERT INTO "hosts" ("username", "email", "password", "created_at", "updated_at") VALUES (?, ?, ?, ?, ?)[0m  [["username", "hostOne"], ["email", "host1@email.com"], ["password", "[FILTERED]"], ["created_at", "2023-01-23 15:33:18.633567"], ["updated_at", "2023-01-23 15:33:18.633567"]]
  [1m[36mTRANSACTION (2.6ms)[0m  [1m[36mcommit transaction[0m
  [1m[36mTRANSACTION (0.0ms)[0m  [1m[36mbegin transaction[0m
  [1m[36mUser Create (0.1ms)[0m  [1m[32mINSERT INTO "users" ("username", "first_name", "last_name", "created_at", "updated_at") VALUES (?, ?, ?, ?, ?)[0m  [["username", "userOne"], ["first_name", "Shrek"], ["last_name", "Green"], ["created_at", "2023-01-23 15:33:18.652175"], ["updated_at", "2023-01-23 15:33:18.652175"]]
  [1m[36mTRANSACTION (2.5ms)[0m  [1m[36mcommit transaction[0m
  [1m[36mTRANSACTION (0.0ms)[0m  [1m[36mbegin transaction[0m
  [1m[36mHost Load (0.1ms)[0m  [1m[34mSELECT "hosts".* FROM "hosts" WHERE "hosts"."id" = ? LIMIT ?[0m  [["id", 1], ["LIMIT", 1]]
  [1m[36mUser Load (0.0ms)[0m  [1m[34mSELECT "users".* FROM "users" WHERE "users"."id" = ? LIMIT ?[0m  [["id", 1], ["LIMIT", 1]]
  [1m[36mEvent Create (0.1ms)[0m  [1m[32mINSERT INTO "events" ("title", "date", "about", "location", "going", "host_id", "user_id", "created_at", "updated_at") VALUES (?, ?, ?, ?, ?, ?, ?, ?, ?)[0m  [["title", "Coding & Cookies"], ["date", 1674487998], ["about", "We get together to talk about code and eat cookies"], ["location", "11 Broadway 2nd floor, New York, NY 10004"], ["going", 1], ["host_id", 1], ["user_id", 1], ["created_at", "2023-01-23 15:33:18.671945"], ["updated_at", "2023-01-23 15:33:18.671945"]]
  [1m[36mTRANSACTION (3.3ms)[0m  [1m[36mcommit transaction[0m
Started GET "/" for 127.0.0.1 at 2023-01-23 10:34:06 -0500
  [1m[36mActiveRecord::SchemaMigration Pluck (0.1ms)[0m  [1m[34mSELECT "schema_migrations"."version" FROM "schema_migrations" ORDER BY "schema_migrations"."version" ASC[0m
Processing by Rails::WelcomeController#index as HTML
  Rendering /home/cristian94/.rbenv/versions/3.0.5/lib/ruby/gems/3.0.0/gems/railties-7.0.4.1/lib/rails/templates/rails/welcome/index.html.erb
  Rendered /home/cristian94/.rbenv/versions/3.0.5/lib/ruby/gems/3.0.0/gems/railties-7.0.4.1/lib/rails/templates/rails/welcome/index.html.erb (Duration: 3.9ms | Allocations: 931)
Completed 200 OK in 23ms (Views: 9.3ms | ActiveRecord: 0.0ms | Allocations: 7833)


  [1m[36mUser Load (0.1ms)[0m  [1m[34mSELECT "users".* FROM "users"[0m
  [1m[36mHost Load (0.2ms)[0m  [1m[34mSELECT "hosts".* FROM "hosts"[0m
  [1m[35m (3.1ms)[0m  [1m[35mCREATE TABLE "schema_migrations" ("version" varchar NOT NULL PRIMARY KEY)[0m
  [1m[35m (3.4ms)[0m  [1m[35mCREATE TABLE "ar_internal_metadata" ("key" varchar NOT NULL PRIMARY KEY, "value" varchar, "created_at" datetime(6) NOT NULL, "updated_at" datetime(6) NOT NULL)[0m
  [1m[36mActiveRecord::SchemaMigration Pluck (0.1ms)[0m  [1m[34mSELECT "schema_migrations"."version" FROM "schema_migrations" ORDER BY "schema_migrations"."version" ASC[0m
Migrating to CreateUsers (20230123151224)
  [1m[36mTRANSACTION (0.0ms)[0m  [1m[36mbegin transaction[0m
  [1m[35m (0.2ms)[0m  [1m[35mCREATE TABLE "users" ("id" integer PRIMARY KEY AUTOINCREMENT NOT NULL, "username" varchar, "first_name" varchar, "last_name" varchar, "created_at" datetime(6) NOT NULL, "updated_at" datetime(6) NOT NULL)[0m
  [1m[36mActiveRecord::SchemaMigration Create (0.2ms)[0m  [1m[32mINSERT INTO "schema_migrations" ("version") VALUES (?)[0m  [["version", "20230123151224"]]
  [1m[36mTRANSACTION (6.5ms)[0m  [1m[36mcommit transaction[0m
Migrating to CreateHosts (20230123151504)
  [1m[36mTRANSACTION (0.1ms)[0m  [1m[36mbegin transaction[0m
  [1m[35m (0.2ms)[0m  [1m[35mCREATE TABLE "hosts" ("id" integer PRIMARY KEY AUTOINCREMENT NOT NULL, "username" varchar, "email" varchar, "password" integer, "created_at" datetime(6) NOT NULL, "updated_at" datetime(6) NOT NULL)[0m
  [1m[36mActiveRecord::SchemaMigration Create (0.1ms)[0m  [1m[32mINSERT INTO "schema_migrations" ("version") VALUES (?)[0m  [["version", "20230123151504"]]
  [1m[36mTRANSACTION (4.6ms)[0m  [1m[36mcommit transaction[0m
Migrating to CreateEvents (20230123151715)
  [1m[36mTRANSACTION (0.0ms)[0m  [1m[36mbegin transaction[0m
  [1m[35m (0.3ms)[0m  [1m[35mCREATE TABLE "events" ("id" integer PRIMARY KEY AUTOINCREMENT NOT NULL, "title" varchar, "date" integer, "about" varchar, "location" varchar, "going" integer DEFAULT 1, "host_id" integer, "user_id" integer, "created_at" datetime(6) NOT NULL, "updated_at" datetime(6) NOT NULL)[0m
  [1m[36mActiveRecord::SchemaMigration Create (0.1ms)[0m  [1m[32mINSERT INTO "schema_migrations" ("version") VALUES (?)[0m  [["version", "20230123151715"]]
  [1m[36mTRANSACTION (4.3ms)[0m  [1m[36mcommit transaction[0m
  [1m[36mActiveRecord::InternalMetadata Load (0.1ms)[0m  [1m[34mSELECT "ar_internal_metadata".* FROM "ar_internal_metadata" WHERE "ar_internal_metadata"."key" = ? LIMIT ?[0m  [["key", "environment"], ["LIMIT", 1]]
  [1m[36mTRANSACTION (0.1ms)[0m  [1m[36mbegin transaction[0m
  [1m[36mActiveRecord::InternalMetadata Create (0.2ms)[0m  [1m[32mINSERT INTO "ar_internal_metadata" ("key", "value", "created_at", "updated_at") VALUES (?, ?, ?, ?)[0m  [["key", "environment"], ["value", "development"], ["created_at", "2023-01-23 15:35:02.832595"], ["updated_at", "2023-01-23 15:35:02.832595"]]
  [1m[36mTRANSACTION (3.9ms)[0m  [1m[36mcommit transaction[0m
  [1m[36mActiveRecord::SchemaMigration Pluck (0.1ms)[0m  [1m[34mSELECT "schema_migrations"."version" FROM "schema_migrations" ORDER BY "schema_migrations"."version" ASC[0m
  [1m[36mActiveRecord::SchemaMigration Pluck (0.1ms)[0m  [1m[34mSELECT "schema_migrations"."version" FROM "schema_migrations" ORDER BY "schema_migrations"."version" ASC[0m
  [1m[36mTRANSACTION (0.0ms)[0m  [1m[36mbegin transaction[0m
  [1m[36mHost Create (0.2ms)[0m  [1m[32mINSERT INTO "hosts" ("username", "email", "password", "created_at", "updated_at") VALUES (?, ?, ?, ?, ?)[0m  [["username", "hostOne"], ["email", "host1@email.com"], ["password", "[FILTERED]"], ["created_at", "2023-01-23 15:35:07.394158"], ["updated_at", "2023-01-23 15:35:07.394158"]]
  [1m[36mTRANSACTION (8.2ms)[0m  [1m[36mcommit transaction[0m
  [1m[36mTRANSACTION (0.0ms)[0m  [1m[36mbegin transaction[0m
  [1m[36mUser Create (0.1ms)[0m  [1m[32mINSERT INTO "users" ("username", "first_name", "last_name", "created_at", "updated_at") VALUES (?, ?, ?, ?, ?)[0m  [["username", "userOne"], ["first_name", "Shrek"], ["last_name", "Green"], ["created_at", "2023-01-23 15:35:07.418264"], ["updated_at", "2023-01-23 15:35:07.418264"]]
  [1m[36mTRANSACTION (2.4ms)[0m  [1m[36mcommit transaction[0m
  [1m[36mTRANSACTION (0.0ms)[0m  [1m[36mbegin transaction[0m
  [1m[36mHost Load (0.1ms)[0m  [1m[34mSELECT "hosts".* FROM "hosts" WHERE "hosts"."id" = ? LIMIT ?[0m  [["id", 1], ["LIMIT", 1]]
  [1m[36mUser Load (0.0ms)[0m  [1m[34mSELECT "users".* FROM "users" WHERE "users"."id" = ? LIMIT ?[0m  [["id", 1], ["LIMIT", 1]]
  [1m[36mEvent Create (0.1ms)[0m  [1m[32mINSERT INTO "events" ("title", "date", "about", "location", "going", "host_id", "user_id", "created_at", "updated_at") VALUES (?, ?, ?, ?, ?, ?, ?, ?, ?)[0m  [["title", "Coding & Cookies"], ["date", 1674488107], ["about", "We get together to talk about code and eat cookies"], ["location", "11 Broadway 2nd floor, New York, NY 10004"], ["going", 1], ["host_id", 1], ["user_id", 1], ["created_at", "2023-01-23 15:35:07.435362"], ["updated_at", "2023-01-23 15:35:07.435362"]]
  [1m[36mTRANSACTION (2.5ms)[0m  [1m[36mcommit transaction[0m
  [1m[36mUser Load (0.1ms)[0m  [1m[34mSELECT "users".* FROM "users"[0m
  [1m[36mHost Load (0.2ms)[0m  [1m[34mSELECT "hosts".* FROM "hosts"[0m
  [1m[36mEvent Load (0.2ms)[0m  [1m[34mSELECT "events".* FROM "events"[0m
  [1m[36mEvent Load (0.2ms)[0m  [1m[34mSELECT "events".* FROM "events"[0m
  [1m[36mEvent Load (0.2ms)[0m  [1m[34mSELECT "events".* FROM "events" ORDER BY "events"."id" ASC LIMIT ?[0m  [["LIMIT", 1]]
  [1m[36mUser Load (0.1ms)[0m  [1m[34mSELECT "users".* FROM "users" WHERE "users"."id" = ? LIMIT ?[0m  [["id", 1], ["LIMIT", 1]]
  [1m[36mEvent Load (0.1ms)[0m  [1m[34mSELECT "events".* FROM "events" ORDER BY "events"."id" ASC LIMIT ?[0m  [["LIMIT", 1]]
  [1m[36mHost Load (0.2ms)[0m  [1m[34mSELECT "hosts".* FROM "hosts" WHERE "hosts"."id" = ? LIMIT ?[0m  [["id", 1], ["LIMIT", 1]]
Started GET "/users" for 127.0.0.1 at 2023-01-23 10:45:53 -0500
  [1m[36mActiveRecord::SchemaMigration Pluck (0.1ms)[0m  [1m[34mSELECT "schema_migrations"."version" FROM "schema_migrations" ORDER BY "schema_migrations"."version" ASC[0m
Processing by UsersController#index as HTML
  [1m[36mUser Load (0.1ms)[0m  [1m[34mSELECT "users".* FROM "users"[0m
  ↳ app/controllers/users_controller.rb:3:in `index'
No serializer found for resource: #<User id: 1, username: "userOne", first_name: "Shrek", last_name: "Green", created_at: "2023-01-23 15:35:07.418264000 +0000", updated_at: "2023-01-23 15:35:07.418264000 +0000">
[active_model_serializers] Rendered ActiveModel::Serializer::CollectionSerializer with User::ActiveRecord_Relation (0.32ms)
Completed 200 OK in 38ms (Views: 10.7ms | ActiveRecord: 0.4ms | Allocations: 41687)


Started GET "/events" for 127.0.0.1 at 2023-01-23 10:49:22 -0500
  [1m[36mActiveRecord::SchemaMigration Pluck (0.1ms)[0m  [1m[34mSELECT "schema_migrations"."version" FROM "schema_migrations" ORDER BY "schema_migrations"."version" ASC[0m
Processing by EventsController#index as HTML
  [1m[36mEvent Load (0.3ms)[0m  [1m[34mSELECT "events".* FROM "events"[0m
  ↳ app/controllers/events_controller.rb:3:in `index'
No serializer found for resource: #<Event id: 1, title: "Coding & Cookies", date: 1674488107, about: "We get together to talk about code and eat cookies", location: "11 Broadway 2nd floor, New York, NY 10004", going: 1, host_id: 1, user_id: 1, created_at: "2023-01-23 15:35:07.435362000 +0000", updated_at: "2023-01-23 15:35:07.435362000 +0000">
[active_model_serializers] Rendered ActiveModel::Serializer::CollectionSerializer with Event::ActiveRecord_Relation (0.28ms)
Completed 200 OK in 41ms (Views: 12.3ms | ActiveRecord: 0.6ms | Allocations: 43916)


Started GET "/" for 127.0.0.1 at 2023-01-23 10:49:27 -0500
Processing by Rails::WelcomeController#index as HTML
  Rendering /home/cristian94/.rbenv/versions/3.0.5/lib/ruby/gems/3.0.0/gems/railties-7.0.4.1/lib/rails/templates/rails/welcome/index.html.erb
  Rendered /home/cristian94/.rbenv/versions/3.0.5/lib/ruby/gems/3.0.0/gems/railties-7.0.4.1/lib/rails/templates/rails/welcome/index.html.erb (Duration: 1.1ms | Allocations: 824)
Completed 200 OK in 10ms (Views: 3.8ms | ActiveRecord: 0.0ms | Allocations: 6485)


  [1m[36mUser Load (0.1ms)[0m  [1m[34mSELECT "users".* FROM "users"[0m
  [1m[36mEvent Load (0.1ms)[0m  [1m[34mSELECT "events".* FROM "events" ORDER BY "events"."id" ASC LIMIT ?[0m  [["LIMIT", 1]]
  [1m[36mUser Load (0.1ms)[0m  [1m[34mSELECT "users".* FROM "users" WHERE "users"."id" = ? LIMIT ?[0m  [["id", 1], ["LIMIT", 1]]
  [1m[36mEvent Load (0.1ms)[0m  [1m[34mSELECT "events".* FROM "events" ORDER BY "events"."id" ASC LIMIT ?[0m  [["LIMIT", 1]]
  [1m[36mHost Load (0.1ms)[0m  [1m[34mSELECT "hosts".* FROM "hosts" WHERE "hosts"."id" = ? LIMIT ?[0m  [["id", 1], ["LIMIT", 1]]
Started GET "/events" for 127.0.0.1 at 2023-01-23 10:51:25 -0500
  [1m[36mActiveRecord::SchemaMigration Pluck (0.1ms)[0m  [1m[34mSELECT "schema_migrations"."version" FROM "schema_migrations" ORDER BY "schema_migrations"."version" ASC[0m
Processing by EventsController#index as HTML
  [1m[36mEvent Load (0.3ms)[0m  [1m[34mSELECT "events".* FROM "events"[0m
  ↳ app/controllers/events_controller.rb:3:in `index'
No serializer found for resource: #<Event id: 1, title: "Coding & Cookies", date: 1674488107, about: "We get together to talk about code and eat cookies", location: "11 Broadway 2nd floor, New York, NY 10004", going: 1, host_id: 1, user_id: 1, created_at: "2023-01-23 15:35:07.435362000 +0000", updated_at: "2023-01-23 15:35:07.435362000 +0000">
[active_model_serializers] Rendered ActiveModel::Serializer::CollectionSerializer with Event::ActiveRecord_Relation (1.12ms)
Completed 200 OK in 47ms (Views: 15.4ms | ActiveRecord: 0.6ms | Allocations: 43916)


Started GET "/events/1" for 127.0.0.1 at 2023-01-23 10:52:15 -0500
Processing by EventsController#show as HTML
  Parameters: {"id"=>"1"}
  [1m[36mEvent Load (0.3ms)[0m  [1m[34mSELECT "events".* FROM "events" WHERE "events"."id" = ? LIMIT ?[0m  [["id", 1], ["LIMIT", 1]]
  ↳ app/controllers/events_controller.rb:7:in `show'
[active_model_serializers] Rendered ActiveModel::Serializer::Null with Event (0.35ms)
Completed 200 OK in 8ms (Views: 1.7ms | ActiveRecord: 0.3ms | Allocations: 3271)


Started GET "/events/1" for 127.0.0.1 at 2023-01-23 11:00:35 -0500
  [1m[36mActiveRecord::SchemaMigration Pluck (0.2ms)[0m  [1m[34mSELECT "schema_migrations"."version" FROM "schema_migrations" ORDER BY "schema_migrations"."version" ASC[0m
Processing by EventsController#show as HTML
  Parameters: {"id"=>"1"}
  [1m[36mEvent Load (0.2ms)[0m  [1m[34mSELECT "events".* FROM "events" WHERE "events"."id" = ? LIMIT ?[0m  [["id", 1], ["LIMIT", 1]]
  ↳ app/controllers/events_controller.rb:7:in `show'
[active_model_serializers] Rendered ActiveModel::Serializer::Null with Event (0.36ms)
Completed 200 OK in 52ms (Views: 2.1ms | ActiveRecord: 0.7ms | Allocations: 44438)


Started GET "/events/1" for 127.0.0.1 at 2023-01-23 11:00:37 -0500
Processing by EventsController#show as HTML
  Parameters: {"id"=>"1"}
  [1m[36mEvent Load (0.1ms)[0m  [1m[34mSELECT "events".* FROM "events" WHERE "events"."id" = ? LIMIT ?[0m  [["id", 1], ["LIMIT", 1]]
  ↳ app/controllers/events_controller.rb:7:in `show'
[active_model_serializers] Rendered ActiveModel::Serializer::Null with Event (0.57ms)
Completed 200 OK in 3ms (Views: 1.3ms | ActiveRecord: 0.1ms | Allocations: 926)


Started GET "/events" for 127.0.0.1 at 2023-01-23 11:00:41 -0500
Processing by EventsController#index as */*
  [1m[36mEvent Load (0.8ms)[0m  [1m[34mSELECT "events".* FROM "events"[0m
  ↳ app/controllers/events_controller.rb:3:in `index'
No serializer found for resource: #<Event id: 1, title: "Coding & Cookies", date: 1674488107, about: "We get together to talk about code and eat cookies", location: "11 Broadway 2nd floor, New York, NY 10004", going: 1, host_id: 1, user_id: 1, created_at: "2023-01-23 15:35:07.435362000 +0000", updated_at: "2023-01-23 15:35:07.435362000 +0000">
[active_model_serializers] Rendered ActiveModel::Serializer::CollectionSerializer with Event::ActiveRecord_Relation (0.81ms)
Completed 200 OK in 19ms (Views: 15.9ms | ActiveRecord: 0.8ms | Allocations: 1825)


Started GET "/events" for 127.0.0.1 at 2023-01-23 11:00:41 -0500
Processing by EventsController#index as */*
  [1m[36mEvent Load (0.2ms)[0m  [1m[34mSELECT "events".* FROM "events"[0m
  ↳ app/controllers/events_controller.rb:3:in `index'
No serializer found for resource: #<Event id: 1, title: "Coding & Cookies", date: 1674488107, about: "We get together to talk about code and eat cookies", location: "11 Broadway 2nd floor, New York, NY 10004", going: 1, host_id: 1, user_id: 1, created_at: "2023-01-23 15:35:07.435362000 +0000", updated_at: "2023-01-23 15:35:07.435362000 +0000">
[active_model_serializers] Rendered ActiveModel::Serializer::CollectionSerializer with Event::ActiveRecord_Relation (0.32ms)
Completed 200 OK in 4ms (Views: 3.0ms | ActiveRecord: 0.2ms | Allocations: 1075)


